c:\users\devyn\desktop\homework3\behaviorsimframework\build\flocking.dir\debug\vc140.pdb
c:\users\devyn\desktop\homework3\behaviorsimframework\build\flocking.dir\debug\transformation.obj
c:\users\devyn\desktop\homework3\behaviorsimframework\build\flocking.dir\debug\stdafx.obj
c:\users\devyn\desktop\homework3\behaviorsimframework\build\flocking.dir\debug\simulation.obj
c:\users\devyn\desktop\homework3\behaviorsimframework\build\flocking.dir\debug\panel.obj
c:\users\devyn\desktop\homework3\behaviorsimframework\build\flocking.dir\debug\mainfrm.obj
c:\users\devyn\desktop\homework3\behaviorsimframework\build\flocking.dir\debug\environment.obj
c:\users\devyn\desktop\homework3\behaviorsimframework\build\flocking.dir\debug\camera.obj
c:\users\devyn\desktop\homework3\behaviorsimframework\build\flocking.dir\debug\behaviorview.obj
c:\users\devyn\desktop\homework3\behaviorsimframework\build\flocking.dir\debug\behaviordoc.obj
c:\users\devyn\desktop\homework3\behaviorsimframework\build\flocking.dir\debug\behavior.obj
c:\users\devyn\desktop\homework3\behaviorsimframework\build\flocking.dir\debug\agentdisplay.obj
c:\users\devyn\desktop\homework3\behaviorsimframework\build\flocking.dir\debug\agent.obj
c:\users\devyn\desktop\homework3\behaviorsimframework\build\cmakefiles\generate.stamp
c:\users\devyn\desktop\homework3\behaviorsimframework\build\debug\flocking.ilk
c:\users\devyn\desktop\homework3\behaviorsimframework\build\debug\flocking.exe
c:\users\devyn\desktop\homework3\behaviorsimframework\build\debug\flocking.pdb
c:\users\devyn\desktop\homework3\behaviorsimframework\build\flocking.dir\debug\behavior.res
c:\users\devyn\desktop\homework3\behaviorsimframework\build\flocking.dir\debug\flocking.tlog\cl.command.1.tlog
c:\users\devyn\desktop\homework3\behaviorsimframework\build\flocking.dir\debug\flocking.tlog\cl.read.1.tlog
c:\users\devyn\desktop\homework3\behaviorsimframework\build\flocking.dir\debug\flocking.tlog\cl.write.1.tlog
c:\users\devyn\desktop\homework3\behaviorsimframework\build\flocking.dir\debug\flocking.tlog\custombuild.command.1.tlog
c:\users\devyn\desktop\homework3\behaviorsimframework\build\flocking.dir\debug\flocking.tlog\custombuild.read.1.tlog
c:\users\devyn\desktop\homework3\behaviorsimframework\build\flocking.dir\debug\flocking.tlog\custombuild.write.1.tlog
c:\users\devyn\desktop\homework3\behaviorsimframework\build\flocking.dir\debug\flocking.tlog\link.command.1.tlog
c:\users\devyn\desktop\homework3\behaviorsimframework\build\flocking.dir\debug\flocking.tlog\link.read.1.tlog
c:\users\devyn\desktop\homework3\behaviorsimframework\build\flocking.dir\debug\flocking.tlog\link.write.1.tlog
c:\users\devyn\desktop\homework3\behaviorsimframework\build\flocking.dir\debug\flocking.tlog\rc.command.1.tlog
c:\users\devyn\desktop\homework3\behaviorsimframework\build\flocking.dir\debug\flocking.tlog\rc.read.1.tlog
c:\users\devyn\desktop\homework3\behaviorsimframework\build\flocking.dir\debug\flocking.tlog\rc.write.1.tlog
