  Building Custom Rule C:/Users/Devyn/Desktop/Homework1/Homework1-Part2/jellocube-basecode/CMakeLists.txt
  CMake does not need to re-run because C:\Users\Devyn\Desktop\Homework1\Homework1-Part2\jellocube-basecode\build\CMakeFiles\generate.stamp is up-to-date.
  camera.cpp
  fps.cpp
  main.cpp
  vec.cpp
  world.cpp
  jelloMesh.cpp
c:\users\devyn\desktop\homework1\homework1-part2\jellocube-basecode\src\matrix.h(233): warning C4290: C++ exception specification ignored except to indicate a function is not __declspec(nothrow) (compiling source file C:\Users\Devyn\Desktop\Homework1\Homework1-Part2\jellocube-basecode\src\main.cpp)
  c:\users\devyn\desktop\homework1\homework1-part2\jellocube-basecode\src\matrix.h(313): note: see reference to class template instantiation 'math::matrix<T>' being compiled (compiling source file C:\Users\Devyn\Desktop\Homework1\Homework1-Part2\jellocube-basecode\src\main.cpp)
c:\users\devyn\desktop\homework1\homework1-part2\jellocube-basecode\src\matrix.h(234): warning C4290: C++ exception specification ignored except to indicate a function is not __declspec(nothrow) (compiling source file C:\Users\Devyn\Desktop\Homework1\Homework1-Part2\jellocube-basecode\src\main.cpp)
c:\users\devyn\desktop\homework1\homework1-part2\jellocube-basecode\src\matrix.h(241): warning C4290: C++ exception specification ignored except to indicate a function is not __declspec(nothrow) (compiling source file C:\Users\Devyn\Desktop\Homework1\Homework1-Part2\jellocube-basecode\src\main.cpp)
c:\users\devyn\desktop\homework1\homework1-part2\jellocube-basecode\src\matrix.h(242): warning C4290: C++ exception specification ignored except to indicate a function is not __declspec(nothrow) (compiling source file C:\Users\Devyn\Desktop\Homework1\Homework1-Part2\jellocube-basecode\src\main.cpp)
c:\users\devyn\desktop\homework1\homework1-part2\jellocube-basecode\src\matrix.h(243): warning C4290: C++ exception specification ignored except to indicate a function is not __declspec(nothrow) (compiling source file C:\Users\Devyn\Desktop\Homework1\Homework1-Part2\jellocube-basecode\src\main.cpp)
c:\users\devyn\desktop\homework1\homework1-part2\jellocube-basecode\src\matrix.h(246): warning C4290: C++ exception specification ignored except to indicate a function is not __declspec(nothrow) (compiling source file C:\Users\Devyn\Desktop\Homework1\Homework1-Part2\jellocube-basecode\src\main.cpp)
c:\users\devyn\desktop\homework1\homework1-part2\jellocube-basecode\src\matrix.h(257): warning C4290: C++ exception specification ignored except to indicate a function is not __declspec(nothrow) (compiling source file C:\Users\Devyn\Desktop\Homework1\Homework1-Part2\jellocube-basecode\src\main.cpp)
c:\users\devyn\desktop\homework1\homework1-part2\jellocube-basecode\src\matrix.h(258): warning C4290: C++ exception specification ignored except to indicate a function is not __declspec(nothrow) (compiling source file C:\Users\Devyn\Desktop\Homework1\Homework1-Part2\jellocube-basecode\src\main.cpp)
c:\users\devyn\desktop\homework1\homework1-part2\jellocube-basecode\src\matrix.h(259): warning C4290: C++ exception specification ignored except to indicate a function is not __declspec(nothrow) (compiling source file C:\Users\Devyn\Desktop\Homework1\Homework1-Part2\jellocube-basecode\src\main.cpp)
c:\users\devyn\desktop\homework1\homework1-part2\jellocube-basecode\src\matrix.h(260): warning C4290: C++ exception specification ignored except to indicate a function is not __declspec(nothrow) (compiling source file C:\Users\Devyn\Desktop\Homework1\Homework1-Part2\jellocube-basecode\src\main.cpp)
c:\users\devyn\desktop\homework1\homework1-part2\jellocube-basecode\src\matrix.h(261): warning C4290: C++ exception specification ignored except to indicate a function is not __declspec(nothrow) (compiling source file C:\Users\Devyn\Desktop\Homework1\Homework1-Part2\jellocube-basecode\src\main.cpp)
c:\users\devyn\desktop\homework1\homework1-part2\jellocube-basecode\src\matrix.h(263): warning C4290: C++ exception specification ignored except to indicate a function is not __declspec(nothrow) (compiling source file C:\Users\Devyn\Desktop\Homework1\Homework1-Part2\jellocube-basecode\src\main.cpp)
c:\users\devyn\desktop\homework1\homework1-part2\jellocube-basecode\src\matrix.h(443): warning C4290: C++ exception specification ignored except to indicate a function is not __declspec(nothrow) (compiling source file C:\Users\Devyn\Desktop\Homework1\Homework1-Part2\jellocube-basecode\src\main.cpp)
c:\users\devyn\desktop\homework1\homework1-part2\jellocube-basecode\src\matrix.h(453): warning C4290: C++ exception specification ignored except to indicate a function is not __declspec(nothrow) (compiling source file C:\Users\Devyn\Desktop\Homework1\Homework1-Part2\jellocube-basecode\src\main.cpp)
c:\users\devyn\desktop\homework1\homework1-part2\jellocube-basecode\src\matrix.h(515): warning C4290: C++ exception specification ignored except to indicate a function is not __declspec(nothrow) (compiling source file C:\Users\Devyn\Desktop\Homework1\Homework1-Part2\jellocube-basecode\src\main.cpp)
c:\users\devyn\desktop\homework1\homework1-part2\jellocube-basecode\src\matrix.h(528): warning C4290: C++ exception specification ignored except to indicate a function is not __declspec(nothrow) (compiling source file C:\Users\Devyn\Desktop\Homework1\Homework1-Part2\jellocube-basecode\src\main.cpp)
c:\users\devyn\desktop\homework1\homework1-part2\jellocube-basecode\src\matrix.h(552): warning C4290: C++ exception specification ignored except to indicate a function is not __declspec(nothrow) (compiling source file C:\Users\Devyn\Desktop\Homework1\Homework1-Part2\jellocube-basecode\src\main.cpp)
c:\users\devyn\desktop\homework1\homework1-part2\jellocube-basecode\src\matrix.h(585): warning C4290: C++ exception specification ignored except to indicate a function is not __declspec(nothrow) (compiling source file C:\Users\Devyn\Desktop\Homework1\Homework1-Part2\jellocube-basecode\src\main.cpp)
c:\users\devyn\desktop\homework1\homework1-part2\jellocube-basecode\src\matrix.h(610): warning C4290: C++ exception specification ignored except to indicate a function is not __declspec(nothrow) (compiling source file C:\Users\Devyn\Desktop\Homework1\Homework1-Part2\jellocube-basecode\src\main.cpp)
c:\users\devyn\desktop\homework1\homework1-part2\jellocube-basecode\src\matrix.h(619): warning C4290: C++ exception specification ignored except to indicate a function is not __declspec(nothrow) (compiling source file C:\Users\Devyn\Desktop\Homework1\Homework1-Part2\jellocube-basecode\src\main.cpp)
c:\users\devyn\desktop\homework1\homework1-part2\jellocube-basecode\src\matrix.h(645): warning C4290: C++ exception specification ignored except to indicate a function is not __declspec(nothrow) (compiling source file C:\Users\Devyn\Desktop\Homework1\Homework1-Part2\jellocube-basecode\src\main.cpp)
c:\users\devyn\desktop\homework1\homework1-part2\jellocube-basecode\src\matrix.h(662): warning C4290: C++ exception specification ignored except to indicate a function is not __declspec(nothrow) (compiling source file C:\Users\Devyn\Desktop\Homework1\Homework1-Part2\jellocube-basecode\src\main.cpp)
c:\users\devyn\desktop\homework1\homework1-part2\jellocube-basecode\src\matrix.h(669): warning C4290: C++ exception specification ignored except to indicate a function is not __declspec(nothrow) (compiling source file C:\Users\Devyn\Desktop\Homework1\Homework1-Part2\jellocube-basecode\src\main.cpp)
c:\users\devyn\desktop\homework1\homework1-part2\jellocube-basecode\src\matrix.h(676): warning C4290: C++ exception specification ignored except to indicate a function is not __declspec(nothrow) (compiling source file C:\Users\Devyn\Desktop\Homework1\Homework1-Part2\jellocube-basecode\src\main.cpp)
c:\users\devyn\desktop\homework1\homework1-part2\jellocube-basecode\src\matrix.h(700): warning C4290: C++ exception specification ignored except to indicate a function is not __declspec(nothrow) (compiling source file C:\Users\Devyn\Desktop\Homework1\Homework1-Part2\jellocube-basecode\src\main.cpp)
c:\users\devyn\desktop\homework1\homework1-part2\jellocube-basecode\src\matrix.h(708): warning C4290: C++ exception specification ignored except to indicate a function is not __declspec(nothrow) (compiling source file C:\Users\Devyn\Desktop\Homework1\Homework1-Part2\jellocube-basecode\src\main.cpp)
c:\users\devyn\desktop\homework1\homework1-part2\jellocube-basecode\src\matrix.h(755): warning C4290: C++ exception specification ignored except to indicate a function is not __declspec(nothrow) (compiling source file C:\Users\Devyn\Desktop\Homework1\Homework1-Part2\jellocube-basecode\src\main.cpp)
c:\users\devyn\desktop\homework1\homework1-part2\jellocube-basecode\src\matrix.h(884): warning C4290: C++ exception specification ignored except to indicate a function is not __declspec(nothrow) (compiling source file C:\Users\Devyn\Desktop\Homework1\Homework1-Part2\jellocube-basecode\src\main.cpp)
c:\users\devyn\desktop\homework1\homework1-part2\jellocube-basecode\src\matrix.h(937): warning C4290: C++ exception specification ignored except to indicate a function is not __declspec(nothrow) (compiling source file C:\Users\Devyn\Desktop\Homework1\Homework1-Part2\jellocube-basecode\src\main.cpp)
c:\users\devyn\desktop\homework1\homework1-part2\jellocube-basecode\src\matrix.h(971): warning C4290: C++ exception specification ignored except to indicate a function is not __declspec(nothrow) (compiling source file C:\Users\Devyn\Desktop\Homework1\Homework1-Part2\jellocube-basecode\src\main.cpp)
c:\users\devyn\desktop\homework1\homework1-part2\jellocube-basecode\src\matrix.h(986): warning C4290: C++ exception specification ignored except to indicate a function is not __declspec(nothrow) (compiling source file C:\Users\Devyn\Desktop\Homework1\Homework1-Part2\jellocube-basecode\src\main.cpp)
c:\users\devyn\desktop\homework1\homework1-part2\jellocube-basecode\src\matrix.h(1152): warning C4290: C++ exception specification ignored except to indicate a function is not __declspec(nothrow) (compiling source file C:\Users\Devyn\Desktop\Homework1\Homework1-Part2\jellocube-basecode\src\main.cpp)
c:\users\devyn\desktop\homework1\homework1-part2\jellocube-basecode\src\matrix.h(1160): warning C4290: C++ exception specification ignored except to indicate a function is not __declspec(nothrow) (compiling source file C:\Users\Devyn\Desktop\Homework1\Homework1-Part2\jellocube-basecode\src\main.cpp)
C:\Users\Devyn\Desktop\Homework1\Homework1-Part2\jellocube-basecode\src\main.cpp(269): warning C4838: conversion from 'double' to 'float' requires a narrowing conversion
c:\users\devyn\desktop\homework1\homework1-part2\jellocube-basecode\src\matrix.h(233): warning C4290: C++ exception specification ignored except to indicate a function is not __declspec(nothrow) (compiling source file C:\Users\Devyn\Desktop\Homework1\Homework1-Part2\jellocube-basecode\src\camera.cpp)
  c:\users\devyn\desktop\homework1\homework1-part2\jellocube-basecode\src\matrix.h(313): note: see reference to class template instantiation 'math::matrix<T>' being compiled (compiling source file C:\Users\Devyn\Desktop\Homework1\Homework1-Part2\jellocube-basecode\src\camera.cpp)
c:\users\devyn\desktop\homework1\homework1-part2\jellocube-basecode\src\matrix.h(234): warning C4290: C++ exception specification ignored except to indicate a function is not __declspec(nothrow) (compiling source file C:\Users\Devyn\Desktop\Homework1\Homework1-Part2\jellocube-basecode\src\camera.cpp)
c:\users\devyn\desktop\homework1\homework1-part2\jellocube-basecode\src\matrix.h(241): warning C4290: C++ exception specification ignored except to indicate a function is not __declspec(nothrow) (compiling source file C:\Users\Devyn\Desktop\Homework1\Homework1-Part2\jellocube-basecode\src\camera.cpp)
c:\users\devyn\desktop\homework1\homework1-part2\jellocube-basecode\src\matrix.h(242): warning C4290: C++ exception specification ignored except to indicate a function is not __declspec(nothrow) (compiling source file C:\Users\Devyn\Desktop\Homework1\Homework1-Part2\jellocube-basecode\src\camera.cpp)
c:\users\devyn\desktop\homework1\homework1-part2\jellocube-basecode\src\matrix.h(243): warning C4290: C++ exception specification ignored except to indicate a function is not __declspec(nothrow) (compiling source file C:\Users\Devyn\Desktop\Homework1\Homework1-Part2\jellocube-basecode\src\camera.cpp)
c:\users\devyn\desktop\homework1\homework1-part2\jellocube-basecode\src\matrix.h(246): warning C4290: C++ exception specification ignored except to indicate a function is not __declspec(nothrow) (compiling source file C:\Users\Devyn\Desktop\Homework1\Homework1-Part2\jellocube-basecode\src\camera.cpp)
c:\users\devyn\desktop\homework1\homework1-part2\jellocube-basecode\src\matrix.h(257): warning C4290: C++ exception specification ignored except to indicate a function is not __declspec(nothrow) (compiling source file C:\Users\Devyn\Desktop\Homework1\Homework1-Part2\jellocube-basecode\src\camera.cpp)
c:\users\devyn\desktop\homework1\homework1-part2\jellocube-basecode\src\matrix.h(258): warning C4290: C++ exception specification ignored except to indicate a function is not __declspec(nothrow) (compiling source file C:\Users\Devyn\Desktop\Homework1\Homework1-Part2\jellocube-basecode\src\camera.cpp)
c:\users\devyn\desktop\homework1\homework1-part2\jellocube-basecode\src\matrix.h(259): warning C4290: C++ exception specification ignored except to indicate a function is not __declspec(nothrow) (compiling source file C:\Users\Devyn\Desktop\Homework1\Homework1-Part2\jellocube-basecode\src\camera.cpp)
c:\users\devyn\desktop\homework1\homework1-part2\jellocube-basecode\src\matrix.h(260): warning C4290: C++ exception specification ignored except to indicate a function is not __declspec(nothrow) (compiling source file C:\Users\Devyn\Desktop\Homework1\Homework1-Part2\jellocube-basecode\src\camera.cpp)
c:\users\devyn\desktop\homework1\homework1-part2\jellocube-basecode\src\matrix.h(261): warning C4290: C++ exception specification ignored except to indicate a function is not __declspec(nothrow) (compiling source file C:\Users\Devyn\Desktop\Homework1\Homework1-Part2\jellocube-basecode\src\camera.cpp)
c:\users\devyn\desktop\homework1\homework1-part2\jellocube-basecode\src\matrix.h(263): warning C4290: C++ exception specification ignored except to indicate a function is not __declspec(nothrow) (compiling source file C:\Users\Devyn\Desktop\Homework1\Homework1-Part2\jellocube-basecode\src\camera.cpp)
c:\users\devyn\desktop\homework1\homework1-part2\jellocube-basecode\src\matrix.h(443): warning C4290: C++ exception specification ignored except to indicate a function is not __declspec(nothrow) (compiling source file C:\Users\Devyn\Desktop\Homework1\Homework1-Part2\jellocube-basecode\src\camera.cpp)
c:\users\devyn\desktop\homework1\homework1-part2\jellocube-basecode\src\matrix.h(453): warning C4290: C++ exception specification ignored except to indicate a function is not __declspec(nothrow) (compiling source file C:\Users\Devyn\Desktop\Homework1\Homework1-Part2\jellocube-basecode\src\camera.cpp)
c:\users\devyn\desktop\homework1\homework1-part2\jellocube-basecode\src\matrix.h(515): warning C4290: C++ exception specification ignored except to indicate a function is not __declspec(nothrow) (compiling source file C:\Users\Devyn\Desktop\Homework1\Homework1-Part2\jellocube-basecode\src\camera.cpp)
c:\users\devyn\desktop\homework1\homework1-part2\jellocube-basecode\src\matrix.h(528): warning C4290: C++ exception specification ignored except to indicate a function is not __declspec(nothrow) (compiling source file C:\Users\Devyn\Desktop\Homework1\Homework1-Part2\jellocube-basecode\src\camera.cpp)
c:\users\devyn\desktop\homework1\homework1-part2\jellocube-basecode\src\matrix.h(552): warning C4290: C++ exception specification ignored except to indicate a function is not __declspec(nothrow) (compiling source file C:\Users\Devyn\Desktop\Homework1\Homework1-Part2\jellocube-basecode\src\camera.cpp)
c:\users\devyn\desktop\homework1\homework1-part2\jellocube-basecode\src\matrix.h(585): warning C4290: C++ exception specification ignored except to indicate a function is not __declspec(nothrow) (compiling source file C:\Users\Devyn\Desktop\Homework1\Homework1-Part2\jellocube-basecode\src\camera.cpp)
c:\users\devyn\desktop\homework1\homework1-part2\jellocube-basecode\src\matrix.h(610): warning C4290: C++ exception specification ignored except to indicate a function is not __declspec(nothrow) (compiling source file C:\Users\Devyn\Desktop\Homework1\Homework1-Part2\jellocube-basecode\src\camera.cpp)
c:\users\devyn\desktop\homework1\homework1-part2\jellocube-basecode\src\matrix.h(619): warning C4290: C++ exception specification ignored except to indicate a function is not __declspec(nothrow) (compiling source file C:\Users\Devyn\Desktop\Homework1\Homework1-Part2\jellocube-basecode\src\camera.cpp)
c:\users\devyn\desktop\homework1\homework1-part2\jellocube-basecode\src\matrix.h(645): warning C4290: C++ exception specification ignored except to indicate a function is not __declspec(nothrow) (compiling source file C:\Users\Devyn\Desktop\Homework1\Homework1-Part2\jellocube-basecode\src\camera.cpp)
c:\users\devyn\desktop\homework1\homework1-part2\jellocube-basecode\src\matrix.h(662): warning C4290: C++ exception specification ignored except to indicate a function is not __declspec(nothrow) (compiling source file C:\Users\Devyn\Desktop\Homework1\Homework1-Part2\jellocube-basecode\src\camera.cpp)
c:\users\devyn\desktop\homework1\homework1-part2\jellocube-basecode\src\matrix.h(669): warning C4290: C++ exception specification ignored except to indicate a function is not __declspec(nothrow) (compiling source file C:\Users\Devyn\Desktop\Homework1\Homework1-Part2\jellocube-basecode\src\camera.cpp)
c:\users\devyn\desktop\homework1\homework1-part2\jellocube-basecode\src\matrix.h(676): warning C4290: C++ exception specification ignored except to indicate a function is not __declspec(nothrow) (compiling source file C:\Users\Devyn\Desktop\Homework1\Homework1-Part2\jellocube-basecode\src\camera.cpp)
c:\users\devyn\desktop\homework1\homework1-part2\jellocube-basecode\src\matrix.h(700): warning C4290: C++ exception specification ignored except to indicate a function is not __declspec(nothrow) (compiling source file C:\Users\Devyn\Desktop\Homework1\Homework1-Part2\jellocube-basecode\src\camera.cpp)
c:\users\devyn\desktop\homework1\homework1-part2\jellocube-basecode\src\matrix.h(708): warning C4290: C++ exception specification ignored except to indicate a function is not __declspec(nothrow) (compiling source file C:\Users\Devyn\Desktop\Homework1\Homework1-Part2\jellocube-basecode\src\camera.cpp)
c:\users\devyn\desktop\homework1\homework1-part2\jellocube-basecode\src\matrix.h(755): warning C4290: C++ exception specification ignored except to indicate a function is not __declspec(nothrow) (compiling source file C:\Users\Devyn\Desktop\Homework1\Homework1-Part2\jellocube-basecode\src\camera.cpp)
c:\users\devyn\desktop\homework1\homework1-part2\jellocube-basecode\src\matrix.h(884): warning C4290: C++ exception specification ignored except to indicate a function is not __declspec(nothrow) (compiling source file C:\Users\Devyn\Desktop\Homework1\Homework1-Part2\jellocube-basecode\src\camera.cpp)
c:\users\devyn\desktop\homework1\homework1-part2\jellocube-basecode\src\matrix.h(937): warning C4290: C++ exception specification ignored except to indicate a function is not __declspec(nothrow) (compiling source file C:\Users\Devyn\Desktop\Homework1\Homework1-Part2\jellocube-basecode\src\camera.cpp)
c:\users\devyn\desktop\homework1\homework1-part2\jellocube-basecode\src\matrix.h(971): warning C4290: C++ exception specification ignored except to indicate a function is not __declspec(nothrow) (compiling source file C:\Users\Devyn\Desktop\Homework1\Homework1-Part2\jellocube-basecode\src\camera.cpp)
c:\users\devyn\desktop\homework1\homework1-part2\jellocube-basecode\src\matrix.h(986): warning C4290: C++ exception specification ignored except to indicate a function is not __declspec(nothrow) (compiling source file C:\Users\Devyn\Desktop\Homework1\Homework1-Part2\jellocube-basecode\src\camera.cpp)
c:\users\devyn\desktop\homework1\homework1-part2\jellocube-basecode\src\matrix.h(1152): warning C4290: C++ exception specification ignored except to indicate a function is not __declspec(nothrow) (compiling source file C:\Users\Devyn\Desktop\Homework1\Homework1-Part2\jellocube-basecode\src\camera.cpp)
c:\users\devyn\desktop\homework1\homework1-part2\jellocube-basecode\src\matrix.h(1160): warning C4290: C++ exception specification ignored except to indicate a function is not __declspec(nothrow) (compiling source file C:\Users\Devyn\Desktop\Homework1\Homework1-Part2\jellocube-basecode\src\camera.cpp)
C:\Users\Devyn\Desktop\Homework1\Homework1-Part2\jellocube-basecode\src\world.cpp(240): warning C4838: conversion from 'double' to 'float' requires a narrowing conversion
C:\Users\Devyn\Desktop\Homework1\Homework1-Part2\jellocube-basecode\src\jelloMesh.cpp(292): warning C4838: conversion from 'double' to 'float' requires a narrowing conversion
tinyxmld_STL.lib(tinyxml.obj) : error LNK2038: mismatch detected for '_ITERATOR_DEBUG_LEVEL': value '2' doesn't match value '0' in camera.obj
tinyxmld_STL.lib(tinyxml.obj) : error LNK2038: mismatch detected for 'RuntimeLibrary': value 'MTd_StaticDebug' doesn't match value 'MT_StaticRelease' in camera.obj
tinyxmld_STL.lib(tinyxml.obj) : warning LNK4075: ignoring '/EDITANDCONTINUE' due to '/OPT:ICF' specification
tinyxmld_STL.lib(tinyxmlparser.obj) : error LNK2038: mismatch detected for '_ITERATOR_DEBUG_LEVEL': value '2' doesn't match value '0' in camera.obj
tinyxmld_STL.lib(tinyxmlparser.obj) : error LNK2038: mismatch detected for 'RuntimeLibrary': value 'MTd_StaticDebug' doesn't match value 'MT_StaticRelease' in camera.obj
tinyxmld_STL.lib(tinyxmlerror.obj) : error LNK2038: mismatch detected for '_ITERATOR_DEBUG_LEVEL': value '2' doesn't match value '0' in camera.obj
tinyxmld_STL.lib(tinyxmlerror.obj) : error LNK2038: mismatch detected for 'RuntimeLibrary': value 'MTd_StaticDebug' doesn't match value 'MT_StaticRelease' in camera.obj
libcpmtd.lib(stdthrow.obj) : error LNK2038: mismatch detected for '_ITERATOR_DEBUG_LEVEL': value '2' doesn't match value '0' in camera.obj
libcpmtd.lib(stdthrow.obj) : error LNK2038: mismatch detected for 'RuntimeLibrary': value 'MTd_StaticDebug' doesn't match value 'MT_StaticRelease' in camera.obj
LINK : warning LNK4098: defaultlib 'LIBCMTD' conflicts with use of other libs; use /NODEFAULTLIB:library
tinyxmld_STL.lib(tinyxml.obj) : error LNK2019: unresolved external symbol __calloc_dbg referenced in function "char * __cdecl std::_Maklocstr<char>(char const *,char *,struct _Cvtvec const &)" (??$_Maklocstr@D@std@@YAPADPBDPADABU_Cvtvec@@@Z)
tinyxmld_STL.lib(tinyxml.obj) : error LNK2019: unresolved external symbol __free_dbg referenced in function "private: void __thiscall std::_Yarn<char>::_Tidy(void)" (?_Tidy@?$_Yarn@D@std@@AAEXXZ)
tinyxmld_STL.lib(tinyxmlparser.obj) : error LNK2001: unresolved external symbol __free_dbg
tinyxmld_STL.lib(tinyxml.obj) : error LNK2019: unresolved external symbol __malloc_dbg referenced in function "public: static void * __cdecl std::_Crt_new_delete::operator new(unsigned int,struct std::nothrow_t const &)" (??2_Crt_new_delete@std@@SAPAXIABUnothrow_t@1@@Z)
tinyxmld_STL.lib(tinyxmlparser.obj) : error LNK2001: unresolved external symbol __malloc_dbg
tinyxmld_STL.lib(tinyxml.obj) : error LNK2019: unresolved external symbol __CrtDbgReportW referenced in function "void * __cdecl std::_Allocate(unsigned int,unsigned int,bool)" (?_Allocate@std@@YAPAXII_N@Z)
tinyxmld_STL.lib(tinyxmlparser.obj) : error LNK2001: unresolved external symbol __CrtDbgReportW
libcpmtd.lib(stdthrow.obj) : error LNK2001: unresolved external symbol __CrtDbgReportW
C:\Users\Devyn\Desktop\Homework1\Homework1-Part2\jellocube-basecode\build\Release\jello.exe : fatal error LNK1120: 4 unresolved externals
